00:35:44.200 [restartedMain] INFO  c.u.journalApp.JournalApplication - Starting JournalApplication using Java 25 on Ujjawals-MacBook-Air.local with PID 15189 (/Users/ujjawalsingh/Downloads/journalApp/target/classes started by ujjawalsingh in /Users/ujjawalsingh/Downloads/journalApp)
00:35:44.203 [restartedMain] INFO  c.u.journalApp.JournalApplication - The following 1 profile is active: "dev"
00:35:44.223 [restartedMain] INFO  o.s.b.d.e.DevToolsPropertyDefaultsPostProcessor - Devtools property defaults active! Set 'spring.devtools.add-properties' to 'false' to disable
00:35:44.224 [restartedMain] INFO  o.s.b.d.e.DevToolsPropertyDefaultsPostProcessor - For additional web related logging consider setting the 'logging.level.web' property to 'DEBUG'
00:35:44.404 [restartedMain] INFO  o.s.d.r.c.RepositoryConfigurationDelegate - Bootstrapping Spring Data MongoDB repositories in DEFAULT mode.
00:35:44.420 [restartedMain] INFO  o.s.d.r.c.RepositoryConfigurationDelegate - Finished Spring Data repository scanning in 14 ms. Found 3 MongoDB repository interfaces.
00:35:44.580 [restartedMain] INFO  o.s.b.w.e.tomcat.TomcatWebServer - Tomcat initialized with port(s): 8080 (http)
00:35:44.583 [restartedMain] INFO  o.a.coyote.http11.Http11NioProtocol - Initializing ProtocolHandler ["http-nio-8080"]
00:35:44.583 [restartedMain] INFO  o.a.catalina.core.StandardService - Starting service [Tomcat]
00:35:44.584 [restartedMain] INFO  o.a.catalina.core.StandardEngine - Starting Servlet engine: [Apache Tomcat/9.0.83]
00:35:44.603 [restartedMain] INFO  o.a.c.c.C.[Tomcat].[localhost].[/] - Initializing Spring embedded WebApplicationContext
00:35:44.603 [restartedMain] INFO  o.s.b.w.s.c.ServletWebServerApplicationContext - Root WebApplicationContext: initialization completed in 379 ms
00:35:44.816 [restartedMain] INFO  org.mongodb.driver.client - MongoClient with metadata {"driver": {"name": "mongo-java-driver|sync|spring-boot", "version": "4.6.1"}, "os": {"type": "Darwin", "name": "Mac OS X", "architecture": "aarch64", "version": "26.0"}, "platform": "Java/Oracle Corporation/25+37-LTS-3491", "application": {"name": "Cluster0"}} created with settings MongoClientSettings{readPreference=primary, writeConcern=WriteConcern{w=majority, wTimeout=null ms, journal=null}, retryWrites=true, retryReads=true, readConcern=ReadConcern{level=null}, credential=MongoCredential{mechanism=null, userName='UjjawalFirst', source='admin', password=<hidden>, mechanismProperties=<hidden>}, streamFactoryFactory=null, commandListeners=[], codecRegistry=ProvidersCodecRegistry{codecProviders=[ValueCodecProvider{}, BsonValueCodecProvider{}, DBRefCodecProvider{}, DBObjectCodecProvider{}, DocumentCodecProvider{}, IterableCodecProvider{}, MapCodecProvider{}, GeoJsonCodecProvider{}, GridFSFileCodecProvider{}, Jsr310CodecProvider{}, JsonObjectCodecProvider{}, BsonCodecProvider{}, EnumCodecProvider{}, com.mongodb.Jep395RecordCodecProvider@5da4b85e]}, clusterSettings={hosts=[127.0.0.1:27017], srvHost=cluster0.8vbmwse.mongodb.net, srvServiceName=mongodb, mode=MULTIPLE, requiredClusterType=REPLICA_SET, requiredReplicaSetName='atlas-r73uja-shard-0', serverSelector='null', clusterListeners='[]', serverSelectionTimeout='30000 ms', localThreshold='30000 ms'}, socketSettings=SocketSettings{connectTimeoutMS=10000, readTimeoutMS=0, receiveBufferSize=0, sendBufferSize=0}, heartbeatSocketSettings=SocketSettings{connectTimeoutMS=10000, readTimeoutMS=10000, receiveBufferSize=0, sendBufferSize=0}, connectionPoolSettings=ConnectionPoolSettings{maxSize=100, minSize=0, maxWaitTimeMS=120000, maxConnectionLifeTimeMS=0, maxConnectionIdleTimeMS=0, maintenanceInitialDelayMS=0, maintenanceFrequencyMS=60000, connectionPoolListeners=[], maxConnecting=2}, serverSettings=ServerSettings{heartbeatFrequencyMS=10000, minHeartbeatFrequencyMS=500, serverListeners='[]', serverMonitorListeners='[]'}, sslSettings=SslSettings{enabled=true, invalidHostNameAllowed=false, context=null}, applicationName='Cluster0', compressorList=[], uuidRepresentation=JAVA_LEGACY, serverApi=null, autoEncryptionSettings=null, contextProvider=null}
00:35:44.871 [restartedMain] INFO  o.s.b.d.a.OptionalLiveReloadServer - LiveReload server is running on port 35729
00:35:44.902 [restartedMain] INFO  org.mongodb.driver.cluster - Cluster description not yet available. Waiting for 30000 ms before timing out
00:35:45.052 [cluster-ClusterId{value='68e170088c0d1d3e9590567a', description='null'}-srv-cluster0.8vbmwse.mongodb.net] INFO  org.mongodb.driver.cluster - Adding discovered server ac-kp2svvb-shard-00-00.8vbmwse.mongodb.net:27017 to client view of cluster
00:35:45.060 [cluster-ClusterId{value='68e170088c0d1d3e9590567a', description='null'}-srv-cluster0.8vbmwse.mongodb.net] INFO  org.mongodb.driver.cluster - Adding discovered server ac-kp2svvb-shard-00-01.8vbmwse.mongodb.net:27017 to client view of cluster
00:35:45.060 [cluster-ClusterId{value='68e170088c0d1d3e9590567a', description='null'}-srv-cluster0.8vbmwse.mongodb.net] INFO  org.mongodb.driver.cluster - Adding discovered server ac-kp2svvb-shard-00-02.8vbmwse.mongodb.net:27017 to client view of cluster
00:35:45.062 [restartedMain] INFO  org.mongodb.driver.cluster - No server chosen by com.mongodb.client.internal.MongoClientDelegate$1@65980e04 from cluster description ClusterDescription{type=REPLICA_SET, connectionMode=MULTIPLE, serverDescriptions=[ServerDescription{address=ac-kp2svvb-shard-00-02.8vbmwse.mongodb.net:27017, type=UNKNOWN, state=CONNECTING}, ServerDescription{address=ac-kp2svvb-shard-00-00.8vbmwse.mongodb.net:27017, type=UNKNOWN, state=CONNECTING}, ServerDescription{address=ac-kp2svvb-shard-00-01.8vbmwse.mongodb.net:27017, type=UNKNOWN, state=CONNECTING}]}. Waiting for 30000 ms before timing out
00:35:45.783 [cluster-rtt-ClusterId{value='68e170088c0d1d3e9590567a', description='null'}-ac-kp2svvb-shard-00-00.8vbmwse.mongodb.net:27017] INFO  org.mongodb.driver.connection - Opened connection [connectionId{localValue:3, serverValue:16777}] to ac-kp2svvb-shard-00-00.8vbmwse.mongodb.net:27017
00:35:45.783 [cluster-rtt-ClusterId{value='68e170088c0d1d3e9590567a', description='null'}-ac-kp2svvb-shard-00-01.8vbmwse.mongodb.net:27017] INFO  org.mongodb.driver.connection - Opened connection [connectionId{localValue:1, serverValue:15595}] to ac-kp2svvb-shard-00-01.8vbmwse.mongodb.net:27017
00:35:45.817 [cluster-ClusterId{value='68e170088c0d1d3e9590567a', description='null'}-ac-kp2svvb-shard-00-02.8vbmwse.mongodb.net:27017] INFO  org.mongodb.driver.connection - Opened connection [connectionId{localValue:6, serverValue:17830}] to ac-kp2svvb-shard-00-02.8vbmwse.mongodb.net:27017
00:35:45.817 [cluster-ClusterId{value='68e170088c0d1d3e9590567a', description='null'}-ac-kp2svvb-shard-00-01.8vbmwse.mongodb.net:27017] INFO  org.mongodb.driver.connection - Opened connection [connectionId{localValue:5, serverValue:15595}] to ac-kp2svvb-shard-00-01.8vbmwse.mongodb.net:27017
00:35:45.818 [cluster-ClusterId{value='68e170088c0d1d3e9590567a', description='null'}-ac-kp2svvb-shard-00-01.8vbmwse.mongodb.net:27017] INFO  org.mongodb.driver.cluster - Monitor thread successfully connected to server with description ServerDescription{address=ac-kp2svvb-shard-00-01.8vbmwse.mongodb.net:27017, type=REPLICA_SET_SECONDARY, state=CONNECTED, ok=true, minWireVersion=0, maxWireVersion=25, maxDocumentSize=16777216, logicalSessionTimeoutMinutes=30, roundTripTimeNanos=369996583, setName='atlas-r73uja-shard-0', canonicalAddress=ac-kp2svvb-shard-00-01.8vbmwse.mongodb.net:27017, hosts=[ac-kp2svvb-shard-00-01.8vbmwse.mongodb.net:27017, ac-kp2svvb-shard-00-00.8vbmwse.mongodb.net:27017, ac-kp2svvb-shard-00-02.8vbmwse.mongodb.net:27017], passives=[], arbiters=[], primary='ac-kp2svvb-shard-00-02.8vbmwse.mongodb.net:27017', tagSet=TagSet{[Tag{name='availabilityZone', value='aps1-az3'}, Tag{name='diskState', value='READY'}, Tag{name='nodeType', value='ELECTABLE'}, Tag{name='provider', value='AWS'}, Tag{name='region', value='AP_SOUTH_1'}, Tag{name='workloadType', value='OPERATIONAL'}]}, electionId=null, setVersion=49, topologyVersion=TopologyVersion{processId=68e1572b4405fb774f4847b1, counter=5}, lastWriteDate=Sun Oct 05 00:35:45 IST 2025, lastUpdateTimeNanos=173559428794541}
00:35:45.818 [cluster-ClusterId{value='68e170088c0d1d3e9590567a', description='null'}-ac-kp2svvb-shard-00-02.8vbmwse.mongodb.net:27017] INFO  org.mongodb.driver.cluster - Monitor thread successfully connected to server with description ServerDescription{address=ac-kp2svvb-shard-00-02.8vbmwse.mongodb.net:27017, type=REPLICA_SET_PRIMARY, state=CONNECTED, ok=true, minWireVersion=0, maxWireVersion=25, maxDocumentSize=16777216, logicalSessionTimeoutMinutes=30, roundTripTimeNanos=369953500, setName='atlas-r73uja-shard-0', canonicalAddress=ac-kp2svvb-shard-00-02.8vbmwse.mongodb.net:27017, hosts=[ac-kp2svvb-shard-00-01.8vbmwse.mongodb.net:27017, ac-kp2svvb-shard-00-00.8vbmwse.mongodb.net:27017, ac-kp2svvb-shard-00-02.8vbmwse.mongodb.net:27017], passives=[], arbiters=[], primary='ac-kp2svvb-shard-00-02.8vbmwse.mongodb.net:27017', tagSet=TagSet{[Tag{name='availabilityZone', value='aps1-az2'}, Tag{name='diskState', value='READY'}, Tag{name='nodeType', value='ELECTABLE'}, Tag{name='provider', value='AWS'}, Tag{name='region', value='AP_SOUTH_1'}, Tag{name='workloadType', value='OPERATIONAL'}]}, electionId=7fffffff000000000000005e, setVersion=49, topologyVersion=TopologyVersion{processId=68e154eadbb2c587483d5d1b, counter=9}, lastWriteDate=Sun Oct 05 00:35:45 IST 2025, lastUpdateTimeNanos=173559428757500}
00:35:45.820 [cluster-ClusterId{value='68e170088c0d1d3e9590567a', description='null'}-ac-kp2svvb-shard-00-02.8vbmwse.mongodb.net:27017] INFO  org.mongodb.driver.cluster - Setting max election id to 7fffffff000000000000005e from replica set primary ac-kp2svvb-shard-00-02.8vbmwse.mongodb.net:27017
00:35:45.820 [cluster-ClusterId{value='68e170088c0d1d3e9590567a', description='null'}-ac-kp2svvb-shard-00-02.8vbmwse.mongodb.net:27017] INFO  org.mongodb.driver.cluster - Setting max set version to 49 from replica set primary ac-kp2svvb-shard-00-02.8vbmwse.mongodb.net:27017
00:35:45.820 [cluster-ClusterId{value='68e170088c0d1d3e9590567a', description='null'}-ac-kp2svvb-shard-00-02.8vbmwse.mongodb.net:27017] INFO  org.mongodb.driver.cluster - Discovered replica set primary ac-kp2svvb-shard-00-02.8vbmwse.mongodb.net:27017
00:35:45.822 [cluster-rtt-ClusterId{value='68e170088c0d1d3e9590567a', description='null'}-ac-kp2svvb-shard-00-02.8vbmwse.mongodb.net:27017] INFO  org.mongodb.driver.connection - Opened connection [connectionId{localValue:4, serverValue:17830}] to ac-kp2svvb-shard-00-02.8vbmwse.mongodb.net:27017
00:35:45.824 [cluster-ClusterId{value='68e170088c0d1d3e9590567a', description='null'}-ac-kp2svvb-shard-00-00.8vbmwse.mongodb.net:27017] INFO  org.mongodb.driver.connection - Opened connection [connectionId{localValue:2, serverValue:16777}] to ac-kp2svvb-shard-00-00.8vbmwse.mongodb.net:27017
00:35:45.824 [cluster-ClusterId{value='68e170088c0d1d3e9590567a', description='null'}-ac-kp2svvb-shard-00-00.8vbmwse.mongodb.net:27017] INFO  org.mongodb.driver.cluster - Monitor thread successfully connected to server with description ServerDescription{address=ac-kp2svvb-shard-00-00.8vbmwse.mongodb.net:27017, type=REPLICA_SET_SECONDARY, state=CONNECTED, ok=true, minWireVersion=0, maxWireVersion=25, maxDocumentSize=16777216, logicalSessionTimeoutMinutes=30, roundTripTimeNanos=354315209, setName='atlas-r73uja-shard-0', canonicalAddress=ac-kp2svvb-shard-00-00.8vbmwse.mongodb.net:27017, hosts=[ac-kp2svvb-shard-00-01.8vbmwse.mongodb.net:27017, ac-kp2svvb-shard-00-00.8vbmwse.mongodb.net:27017, ac-kp2svvb-shard-00-02.8vbmwse.mongodb.net:27017], passives=[], arbiters=[], primary='ac-kp2svvb-shard-00-02.8vbmwse.mongodb.net:27017', tagSet=TagSet{[Tag{name='availabilityZone', value='aps1-az1'}, Tag{name='diskState', value='READY'}, Tag{name='nodeType', value='ELECTABLE'}, Tag{name='provider', value='AWS'}, Tag{name='region', value='AP_SOUTH_1'}, Tag{name='workloadType', value='OPERATIONAL'}]}, electionId=null, setVersion=49, topologyVersion=TopologyVersion{processId=68e155a923fdf73979dcc753, counter=5}, lastWriteDate=Sun Oct 05 00:35:45 IST 2025, lastUpdateTimeNanos=173559435277333}
00:35:46.528 [restartedMain] INFO  org.mongodb.driver.connection - Opened connection [connectionId{localValue:7, serverValue:17824}] to ac-kp2svvb-shard-00-02.8vbmwse.mongodb.net:27017
00:35:46.821 [restartedMain] WARN  o.s.b.w.s.c.AnnotationConfigServletWebServerApplicationContext - Exception encountered during context initialization - cancelling refresh attempt: org.springframework.beans.factory.BeanCreationException: Error creating bean with name 'appCache': Invocation of init method failed; nested exception is java.lang.NullPointerException: Cannot invoke "java.util.Map.put(Object, Object)" because "this.APP_CACHE" is null
00:35:47.259 [restartedMain] INFO  o.a.catalina.core.StandardService - Stopping service [Tomcat]
00:35:47.275 [restartedMain] INFO  o.s.b.a.l.ConditionEvaluationReportLoggingListener - 

Error starting ApplicationContext. To display the conditions report re-run your application with 'debug' enabled.
00:35:47.289 [restartedMain] ERROR o.s.boot.SpringApplication - Application run failed
org.springframework.beans.factory.BeanCreationException: Error creating bean with name 'appCache': Invocation of init method failed; nested exception is java.lang.NullPointerException: Cannot invoke "java.util.Map.put(Object, Object)" because "this.APP_CACHE" is null
	at org.springframework.beans.factory.annotation.InitDestroyAnnotationBeanPostProcessor.postProcessBeforeInitialization(InitDestroyAnnotationBeanPostProcessor.java:160)
	at org.springframework.beans.factory.support.AbstractAutowireCapableBeanFactory.applyBeanPostProcessorsBeforeInitialization(AbstractAutowireCapableBeanFactory.java:440)
	at org.springframework.beans.factory.support.AbstractAutowireCapableBeanFactory.initializeBean(AbstractAutowireCapableBeanFactory.java:1796)
	at org.springframework.beans.factory.support.AbstractAutowireCapableBeanFactory.doCreateBean(AbstractAutowireCapableBeanFactory.java:620)
	at org.springframework.beans.factory.support.AbstractAutowireCapableBeanFactory.createBean(AbstractAutowireCapableBeanFactory.java:542)
	at org.springframework.beans.factory.support.AbstractBeanFactory.lambda$doGetBean$0(AbstractBeanFactory.java:335)
	at org.springframework.beans.factory.support.DefaultSingletonBeanRegistry.getSingleton(DefaultSingletonBeanRegistry.java:234)
	at org.springframework.beans.factory.support.AbstractBeanFactory.doGetBean(AbstractBeanFactory.java:333)
	at org.springframework.beans.factory.support.AbstractBeanFactory.getBean(AbstractBeanFactory.java:208)
	at org.springframework.beans.factory.support.DefaultListableBeanFactory.preInstantiateSingletons(DefaultListableBeanFactory.java:955)
	at org.springframework.context.support.AbstractApplicationContext.finishBeanFactoryInitialization(AbstractApplicationContext.java:929)
	at org.springframework.context.support.AbstractApplicationContext.refresh(AbstractApplicationContext.java:591)
	at org.springframework.boot.web.servlet.context.ServletWebServerApplicationContext.refresh(ServletWebServerApplicationContext.java:147)
	at org.springframework.boot.SpringApplication.refresh(SpringApplication.java:732)
	at org.springframework.boot.SpringApplication.refreshContext(SpringApplication.java:409)
	at org.springframework.boot.SpringApplication.run(SpringApplication.java:308)
	at org.springframework.boot.SpringApplication.run(SpringApplication.java:1300)
	at org.springframework.boot.SpringApplication.run(SpringApplication.java:1289)
	at com.ujcompany.journalApp.JournalApplication.main(JournalApplication.java:18)
	at java.base/jdk.internal.reflect.DirectMethodHandleAccessor.invoke(DirectMethodHandleAccessor.java:104)
	at java.base/java.lang.reflect.Method.invoke(Method.java:565)
	at org.springframework.boot.devtools.restart.RestartLauncher.run(RestartLauncher.java:50)
Caused by: java.lang.NullPointerException: Cannot invoke "java.util.Map.put(Object, Object)" because "this.APP_CACHE" is null
	at com.ujcompany.journalApp.cache.AppCache.lambda$init$0(AppCache.java:25)
	at java.base/java.util.ArrayList.forEach(ArrayList.java:1604)
	at com.ujcompany.journalApp.cache.AppCache.init(AppCache.java:24)
	at java.base/jdk.internal.reflect.DirectMethodHandleAccessor.invoke(DirectMethodHandleAccessor.java:104)
	at java.base/java.lang.reflect.Method.invoke(Method.java:565)
	at org.springframework.beans.factory.annotation.InitDestroyAnnotationBeanPostProcessor$LifecycleElement.invoke(InitDestroyAnnotationBeanPostProcessor.java:389)
	at org.springframework.beans.factory.annotation.InitDestroyAnnotationBeanPostProcessor$LifecycleMetadata.invokeInitMethods(InitDestroyAnnotationBeanPostProcessor.java:333)
	at org.springframework.beans.factory.annotation.InitDestroyAnnotationBeanPostProcessor.postProcessBeforeInitialization(InitDestroyAnnotationBeanPostProcessor.java:157)
	... 21 common frames omitted
